{"name":"hexo","hostname":"ubuntu","pid":7094,"level":20,"msg":"Hexo version: \u001b[35m3.1.1\u001b[39m","time":"2016-01-24T04:41:22.331Z","v":0}
{"name":"hexo","hostname":"ubuntu","pid":7094,"level":20,"msg":"Working directory: \u001b[35m~/github/hexo/\u001b[39m","time":"2016-01-24T04:41:22.338Z","v":0}
{"name":"hexo","hostname":"ubuntu","pid":7094,"level":20,"msg":"Config loaded: \u001b[35m~/github/hexo/_config.yml\u001b[39m","time":"2016-01-24T04:41:22.464Z","v":0}
{"name":"hexo","hostname":"ubuntu","pid":7094,"level":20,"msg":"Script loaded: \u001b[35mthemes/hexo-theme-next/scripts/filters/sticky.js\u001b[39m","time":"2016-01-24T04:41:22.488Z","v":0}
{"name":"hexo","hostname":"ubuntu","pid":7094,"level":20,"msg":"Script loaded: \u001b[35mthemes/hexo-theme-next/scripts/tags/center-quote.js\u001b[39m","time":"2016-01-24T04:41:22.489Z","v":0}
{"name":"hexo","hostname":"ubuntu","pid":7094,"level":20,"msg":"Script loaded: \u001b[35mthemes/hexo-theme-next/scripts/merge-configs.js\u001b[39m","time":"2016-01-24T04:41:22.490Z","v":0}
{"name":"hexo","hostname":"ubuntu","pid":7094,"level":20,"msg":"Script loaded: \u001b[35mthemes/hexo-theme-next/scripts/tags/full-image.js\u001b[39m","time":"2016-01-24T04:41:22.491Z","v":0}
{"name":"hexo","hostname":"ubuntu","pid":7094,"level":20,"msg":"Script loaded: \u001b[35mthemes/hexo-theme-next/scripts/tags/group-pictures.js\u001b[39m","time":"2016-01-24T04:41:22.511Z","v":0}
{"name":"hexo","hostname":"ubuntu","pid":7094,"level":20,"msg":"Plugin loaded: \u001b[35mhexo-deployer-git\u001b[39m","time":"2016-01-24T04:41:22.520Z","v":0}
{"name":"hexo","hostname":"ubuntu","pid":7094,"level":20,"msg":"Plugin loaded: \u001b[35mhexo-generator-category\u001b[39m","time":"2016-01-24T04:41:22.523Z","v":0}
{"name":"hexo","hostname":"ubuntu","pid":7094,"level":20,"msg":"Plugin loaded: \u001b[35mhexo-generator-archive\u001b[39m","time":"2016-01-24T04:41:22.525Z","v":0}
{"name":"hexo","hostname":"ubuntu","pid":7094,"level":20,"msg":"Plugin loaded: \u001b[35mhexo-generator-index\u001b[39m","time":"2016-01-24T04:41:22.528Z","v":0}
{"name":"hexo","hostname":"ubuntu","pid":7094,"level":20,"msg":"Plugin loaded: \u001b[35mhexo-generator-tag\u001b[39m","time":"2016-01-24T04:41:22.532Z","v":0}
{"name":"hexo","hostname":"ubuntu","pid":7094,"level":20,"msg":"Plugin loaded: \u001b[35mhexo-renderer-ejs\u001b[39m","time":"2016-01-24T04:41:22.543Z","v":0}
{"name":"hexo","hostname":"ubuntu","pid":7094,"level":20,"msg":"Plugin loaded: \u001b[35mhexo-renderer-marked\u001b[39m","time":"2016-01-24T04:41:22.634Z","v":0}
{"name":"hexo","hostname":"ubuntu","pid":7094,"level":20,"msg":"Plugin loaded: \u001b[35mhexo-renderer-stylus\u001b[39m","time":"2016-01-24T04:41:22.761Z","v":0}
{"name":"hexo","hostname":"ubuntu","pid":7094,"level":20,"msg":"Plugin loaded: \u001b[35mhexo-server\u001b[39m","time":"2016-01-24T04:41:22.866Z","v":0}
{"name":"hexo","hostname":"ubuntu","pid":7094,"level":20,"msg":"Loading database.","time":"2016-01-24T04:41:22.888Z","v":0}
{"name":"hexo","hostname":"ubuntu","pid":7094,"level":20,"msg":"Unchanged: \u001b[35msource/404.html\u001b[39m","time":"2016-01-24T04:41:23.005Z","v":0}
{"name":"hexo","hostname":"ubuntu","pid":7094,"level":20,"msg":"Unchanged: \u001b[35msource/CNAME\u001b[39m","time":"2016-01-24T04:41:23.005Z","v":0}
{"name":"hexo","hostname":"ubuntu","pid":7094,"level":20,"msg":"Unchanged: \u001b[35msource/_posts/My New Post.md\u001b[39m","time":"2016-01-24T04:41:23.006Z","v":0}
{"name":"hexo","hostname":"ubuntu","pid":7094,"level":20,"msg":"Unchanged: \u001b[35msource/_posts/My-New-Post.md~\u001b[39m","time":"2016-01-24T04:41:23.006Z","v":0}
{"name":"hexo","hostname":"ubuntu","pid":7094,"level":20,"msg":"Unchanged: \u001b[35msource/_posts/first .md~\u001b[39m","time":"2016-01-24T04:41:23.007Z","v":0}
{"name":"hexo","hostname":"ubuntu","pid":7094,"level":20,"msg":"Unchanged: \u001b[35msource/_posts/hello-world.md\u001b[39m","time":"2016-01-24T04:41:23.007Z","v":0}
{"name":"hexo","hostname":"ubuntu","pid":7094,"level":20,"msg":"Unchanged: \u001b[35msource/about/index.md\u001b[39m","time":"2016-01-24T04:41:23.007Z","v":0}
{"name":"hexo","hostname":"ubuntu","pid":7094,"level":20,"msg":"Unchanged: \u001b[35msource/categories/index.md\u001b[39m","time":"2016-01-24T04:41:23.007Z","v":0}
{"name":"hexo","hostname":"ubuntu","pid":7094,"level":20,"msg":"Unchanged: \u001b[35msource/categories/index.md~\u001b[39m","time":"2016-01-24T04:41:23.008Z","v":0}
{"name":"hexo","hostname":"ubuntu","pid":7094,"level":20,"msg":"Unchanged: \u001b[35msource/tags/index.md\u001b[39m","time":"2016-01-24T04:41:23.008Z","v":0}
{"name":"hexo","hostname":"ubuntu","pid":7094,"level":20,"msg":"Unchanged: \u001b[35msource/tags/index.md~\u001b[39m","time":"2016-01-24T04:41:23.008Z","v":0}
{"name":"hexo","hostname":"ubuntu","pid":7094,"level":20,"msg":"Unchanged: \u001b[35msource/uploads/avatar.jpg\u001b[39m","time":"2016-01-24T04:41:23.015Z","v":0}
{"name":"hexo","hostname":"ubuntu","pid":7094,"level":20,"msg":"Processed: \u001b[35m404.html\u001b[39m","time":"2016-01-24T04:41:23.036Z","v":0}
{"name":"hexo","hostname":"ubuntu","pid":7094,"level":20,"msg":"Processed: \u001b[35muploads/avatar.jpg\u001b[39m","time":"2016-01-24T04:41:23.044Z","v":0}
{"name":"hexo","hostname":"ubuntu","pid":7094,"level":20,"msg":"Processed: \u001b[35mtags/index.md\u001b[39m","time":"2016-01-24T04:41:23.046Z","v":0}
{"name":"hexo","hostname":"ubuntu","pid":7094,"level":20,"msg":"Processed: \u001b[35mcategories/index.md\u001b[39m","time":"2016-01-24T04:41:23.048Z","v":0}
{"name":"hexo","hostname":"ubuntu","pid":7094,"level":20,"msg":"Processed: \u001b[35mabout/index.md\u001b[39m","time":"2016-01-24T04:41:23.052Z","v":0}
{"name":"hexo","hostname":"ubuntu","pid":7094,"level":20,"msg":"Processed: \u001b[35m_posts/hello-world.md\u001b[39m","time":"2016-01-24T04:41:23.056Z","v":0}
{"name":"hexo","hostname":"ubuntu","pid":7094,"level":20,"msg":"Processed: \u001b[35m_posts/My New Post.md\u001b[39m","time":"2016-01-24T04:41:23.058Z","v":0}
{"name":"hexo","hostname":"ubuntu","pid":7094,"level":20,"msg":"Processed: \u001b[35mCNAME\u001b[39m","time":"2016-01-24T04:41:23.059Z","v":0}
{"name":"hexo","hostname":"ubuntu","pid":7094,"level":20,"msg":"Unchanged: \u001b[35mthemes/hexo-theme-next/layout/_scripts/schemes/mist.swig\u001b[39m","time":"2016-01-24T04:41:23.198Z","v":0}
{"name":"hexo","hostname":"ubuntu","pid":7094,"level":20,"msg":"Unchanged: \u001b[35mthemes/hexo-theme-next/layout/_scripts/schemes/muse.swig\u001b[39m","time":"2016-01-24T04:41:23.199Z","v":0}
{"name":"hexo","hostname":"ubuntu","pid":7094,"level":20,"msg":"Unchanged: \u001b[35mthemes/hexo-theme-next/source/css/_mixins/Mist.styl\u001b[39m","time":"2016-01-24T04:41:23.199Z","v":0}
{"name":"hexo","hostname":"ubuntu","pid":7094,"level":20,"msg":"Unchanged: \u001b[35mthemes/hexo-theme-next/source/css/_mixins/Muse.styl\u001b[39m","time":"2016-01-24T04:41:23.200Z","v":0}
{"name":"hexo","hostname":"ubuntu","pid":7094,"level":20,"msg":"Unchanged: \u001b[35mthemes/hexo-theme-next/source/css/_mixins/custom.styl\u001b[39m","time":"2016-01-24T04:41:23.200Z","v":0}
{"name":"hexo","hostname":"ubuntu","pid":7094,"level":20,"msg":"Unchanged: \u001b[35mthemes/hexo-theme-next/source/css/_variables/Muse.styl\u001b[39m","time":"2016-01-24T04:41:23.200Z","v":0}
{"name":"hexo","hostname":"ubuntu","pid":7094,"level":20,"msg":"Unchanged: \u001b[35mthemes/hexo-theme-next/source/css/_variables/custom.styl\u001b[39m","time":"2016-01-24T04:41:23.202Z","v":0}
{"name":"hexo","hostname":"ubuntu","pid":7094,"level":20,"msg":"Unchanged: \u001b[35mthemes/hexo-theme-next/README.en.md\u001b[39m","time":"2016-01-24T04:41:23.235Z","v":0}
{"name":"hexo","hostname":"ubuntu","pid":7094,"level":20,"msg":"Unchanged: \u001b[35mthemes/hexo-theme-next/README.md\u001b[39m","time":"2016-01-24T04:41:23.236Z","v":0}
{"name":"hexo","hostname":"ubuntu","pid":7094,"level":20,"msg":"Unchanged: \u001b[35mthemes/hexo-theme-next/_config.yml\u001b[39m","time":"2016-01-24T04:41:23.237Z","v":0}
{"name":"hexo","hostname":"ubuntu","pid":7094,"level":20,"msg":"Unchanged: \u001b[35mthemes/hexo-theme-next/_config.yml~\u001b[39m","time":"2016-01-24T04:41:23.237Z","v":0}
{"name":"hexo","hostname":"ubuntu","pid":7094,"level":20,"msg":"Unchanged: \u001b[35mthemes/hexo-theme-next/bower.json\u001b[39m","time":"2016-01-24T04:41:23.238Z","v":0}
{"name":"hexo","hostname":"ubuntu","pid":7094,"level":20,"msg":"Unchanged: \u001b[35mthemes/hexo-theme-next/gulpfile.coffee\u001b[39m","time":"2016-01-24T04:41:23.242Z","v":0}
{"name":"hexo","hostname":"ubuntu","pid":7094,"level":20,"msg":"Unchanged: \u001b[35mthemes/hexo-theme-next/languages/de.yml\u001b[39m","time":"2016-01-24T04:41:23.242Z","v":0}
{"name":"hexo","hostname":"ubuntu","pid":7094,"level":20,"msg":"Unchanged: \u001b[35mthemes/hexo-theme-next/languages/default.yml\u001b[39m","time":"2016-01-24T04:41:23.242Z","v":0}
{"name":"hexo","hostname":"ubuntu","pid":7094,"level":20,"msg":"Unchanged: \u001b[35mthemes/hexo-theme-next/languages/en.yml\u001b[39m","time":"2016-01-24T04:41:23.243Z","v":0}
{"name":"hexo","hostname":"ubuntu","pid":7094,"level":20,"msg":"Unchanged: \u001b[35mthemes/hexo-theme-next/languages/fr-FR.yml\u001b[39m","time":"2016-01-24T04:41:23.244Z","v":0}
{"name":"hexo","hostname":"ubuntu","pid":7094,"level":20,"msg":"Unchanged: \u001b[35mthemes/hexo-theme-next/languages/pt.yml\u001b[39m","time":"2016-01-24T04:41:23.244Z","v":0}
{"name":"hexo","hostname":"ubuntu","pid":7094,"level":20,"msg":"Unchanged: \u001b[35mthemes/hexo-theme-next/languages/ru.yml\u001b[39m","time":"2016-01-24T04:41:23.244Z","v":0}
{"name":"hexo","hostname":"ubuntu","pid":7094,"level":20,"msg":"Unchanged: \u001b[35mthemes/hexo-theme-next/languages/zh-Hans.yml\u001b[39m","time":"2016-01-24T04:41:23.245Z","v":0}
{"name":"hexo","hostname":"ubuntu","pid":7094,"level":20,"msg":"Unchanged: \u001b[35mthemes/hexo-theme-next/languages/zh-hk.yml\u001b[39m","time":"2016-01-24T04:41:23.245Z","v":0}
{"name":"hexo","hostname":"ubuntu","pid":7094,"level":20,"msg":"Unchanged: \u001b[35mthemes/hexo-theme-next/languages/zh-tw.yml\u001b[39m","time":"2016-01-24T04:41:23.245Z","v":0}
{"name":"hexo","hostname":"ubuntu","pid":7094,"level":20,"msg":"Unchanged: \u001b[35mthemes/hexo-theme-next/layout/_layout.swig\u001b[39m","time":"2016-01-24T04:41:23.245Z","v":0}
{"name":"hexo","hostname":"ubuntu","pid":7094,"level":20,"msg":"Unchanged: \u001b[35mthemes/hexo-theme-next/layout/_macro/post-collapse.swig\u001b[39m","time":"2016-01-24T04:41:23.245Z","v":0}
{"name":"hexo","hostname":"ubuntu","pid":7094,"level":20,"msg":"Unchanged: \u001b[35mthemes/hexo-theme-next/layout/_macro/post.swig\u001b[39m","time":"2016-01-24T04:41:23.246Z","v":0}
{"name":"hexo","hostname":"ubuntu","pid":7094,"level":20,"msg":"Unchanged: \u001b[35mthemes/hexo-theme-next/layout/_macro/sidebar.swig\u001b[39m","time":"2016-01-24T04:41:23.246Z","v":0}
{"name":"hexo","hostname":"ubuntu","pid":7094,"level":20,"msg":"Unchanged: \u001b[35mthemes/hexo-theme-next/layout/_partials/comments.swig\u001b[39m","time":"2016-01-24T04:41:23.246Z","v":0}
{"name":"hexo","hostname":"ubuntu","pid":7094,"level":20,"msg":"Unchanged: \u001b[35mthemes/hexo-theme-next/layout/_partials/duoshuo-hot-articles.swig\u001b[39m","time":"2016-01-24T04:41:23.247Z","v":0}
{"name":"hexo","hostname":"ubuntu","pid":7094,"level":20,"msg":"Unchanged: \u001b[35mthemes/hexo-theme-next/layout/_partials/head.swig\u001b[39m","time":"2016-01-24T04:41:23.247Z","v":0}
{"name":"hexo","hostname":"ubuntu","pid":7094,"level":20,"msg":"Unchanged: \u001b[35mthemes/hexo-theme-next/layout/_partials/footer.swig\u001b[39m","time":"2016-01-24T04:41:23.247Z","v":0}
{"name":"hexo","hostname":"ubuntu","pid":7094,"level":20,"msg":"Unchanged: \u001b[35mthemes/hexo-theme-next/layout/_partials/header.swig\u001b[39m","time":"2016-01-24T04:41:23.247Z","v":0}
{"name":"hexo","hostname":"ubuntu","pid":7094,"level":20,"msg":"Unchanged: \u001b[35mthemes/hexo-theme-next/layout/_partials/pagination.swig\u001b[39m","time":"2016-01-24T04:41:23.248Z","v":0}
{"name":"hexo","hostname":"ubuntu","pid":7094,"level":20,"msg":"Unchanged: \u001b[35mthemes/hexo-theme-next/layout/_partials/search/swiftype.swig\u001b[39m","time":"2016-01-24T04:41:23.248Z","v":0}
{"name":"hexo","hostname":"ubuntu","pid":7094,"level":20,"msg":"Unchanged: \u001b[35mthemes/hexo-theme-next/layout/_partials/search/tinysou.swig\u001b[39m","time":"2016-01-24T04:41:23.248Z","v":0}
{"name":"hexo","hostname":"ubuntu","pid":7094,"level":20,"msg":"Unchanged: \u001b[35mthemes/hexo-theme-next/layout/_partials/search.swig\u001b[39m","time":"2016-01-24T04:41:23.248Z","v":0}
{"name":"hexo","hostname":"ubuntu","pid":7094,"level":20,"msg":"Unchanged: \u001b[35mthemes/hexo-theme-next/layout/_partials/share/duoshuo_share.swig\u001b[39m","time":"2016-01-24T04:41:23.248Z","v":0}
{"name":"hexo","hostname":"ubuntu","pid":7094,"level":20,"msg":"Unchanged: \u001b[35mthemes/hexo-theme-next/layout/_partials/share/jiathis.swig\u001b[39m","time":"2016-01-24T04:41:23.249Z","v":0}
{"name":"hexo","hostname":"ubuntu","pid":7094,"level":20,"msg":"Unchanged: \u001b[35mthemes/hexo-theme-next/layout/_scripts/boostrap.swig\u001b[39m","time":"2016-01-24T04:41:23.249Z","v":0}
{"name":"hexo","hostname":"ubuntu","pid":7094,"level":20,"msg":"Unchanged: \u001b[35mthemes/hexo-theme-next/layout/_scripts/commons.swig\u001b[39m","time":"2016-01-24T04:41:23.249Z","v":0}
{"name":"hexo","hostname":"ubuntu","pid":7094,"level":20,"msg":"Unchanged: \u001b[35mthemes/hexo-theme-next/layout/_scripts/pages/post-details.swig\u001b[39m","time":"2016-01-24T04:41:23.249Z","v":0}
{"name":"hexo","hostname":"ubuntu","pid":7094,"level":20,"msg":"Unchanged: \u001b[35mthemes/hexo-theme-next/layout/_scripts/schemes/pisces.swig\u001b[39m","time":"2016-01-24T04:41:23.249Z","v":0}
{"name":"hexo","hostname":"ubuntu","pid":7094,"level":20,"msg":"Unchanged: \u001b[35mthemes/hexo-theme-next/layout/_scripts/third-party/analytics/baidu-analytics.swig\u001b[39m","time":"2016-01-24T04:41:23.250Z","v":0}
{"name":"hexo","hostname":"ubuntu","pid":7094,"level":20,"msg":"Unchanged: \u001b[35mthemes/hexo-theme-next/layout/_scripts/third-party/analytics/facebook-sdk.swig\u001b[39m","time":"2016-01-24T04:41:23.250Z","v":0}
{"name":"hexo","hostname":"ubuntu","pid":7094,"level":20,"msg":"Unchanged: \u001b[35mthemes/hexo-theme-next/layout/_scripts/third-party/analytics/google-analytics.swig\u001b[39m","time":"2016-01-24T04:41:23.250Z","v":0}
{"name":"hexo","hostname":"ubuntu","pid":7094,"level":20,"msg":"Unchanged: \u001b[35mthemes/hexo-theme-next/layout/_scripts/third-party/analytics/tencent-analytics.swig\u001b[39m","time":"2016-01-24T04:41:23.251Z","v":0}
{"name":"hexo","hostname":"ubuntu","pid":7094,"level":20,"msg":"Unchanged: \u001b[35mthemes/hexo-theme-next/layout/_scripts/third-party/analytics.swig\u001b[39m","time":"2016-01-24T04:41:23.251Z","v":0}
{"name":"hexo","hostname":"ubuntu","pid":7094,"level":20,"msg":"Unchanged: \u001b[35mthemes/hexo-theme-next/layout/_scripts/third-party/baidushare.swig\u001b[39m","time":"2016-01-24T04:41:23.251Z","v":0}
{"name":"hexo","hostname":"ubuntu","pid":7094,"level":20,"msg":"Unchanged: \u001b[35mthemes/hexo-theme-next/layout/_scripts/third-party/comments/disqus.swig\u001b[39m","time":"2016-01-24T04:41:23.252Z","v":0}
{"name":"hexo","hostname":"ubuntu","pid":7094,"level":20,"msg":"Unchanged: \u001b[35mthemes/hexo-theme-next/layout/_scripts/third-party/comments/duoshuo.swig\u001b[39m","time":"2016-01-24T04:41:23.252Z","v":0}
{"name":"hexo","hostname":"ubuntu","pid":7094,"level":20,"msg":"Unchanged: \u001b[35mthemes/hexo-theme-next/layout/_scripts/third-party/comments.swig\u001b[39m","time":"2016-01-24T04:41:23.252Z","v":0}
{"name":"hexo","hostname":"ubuntu","pid":7094,"level":20,"msg":"Unchanged: \u001b[35mthemes/hexo-theme-next/layout/_scripts/third-party/lean-analytics.swig\u001b[39m","time":"2016-01-24T04:41:23.252Z","v":0}
{"name":"hexo","hostname":"ubuntu","pid":7094,"level":20,"msg":"Unchanged: \u001b[35mthemes/hexo-theme-next/layout/_scripts/third-party/mathjax.swig\u001b[39m","time":"2016-01-24T04:41:23.252Z","v":0}
{"name":"hexo","hostname":"ubuntu","pid":7094,"level":20,"msg":"Unchanged: \u001b[35mthemes/hexo-theme-next/layout/_scripts/third-party/tinysou.swig\u001b[39m","time":"2016-01-24T04:41:23.252Z","v":0}
{"name":"hexo","hostname":"ubuntu","pid":7094,"level":20,"msg":"Unchanged: \u001b[35mthemes/hexo-theme-next/layout/_scripts/vendors.swig\u001b[39m","time":"2016-01-24T04:41:23.253Z","v":0}
{"name":"hexo","hostname":"ubuntu","pid":7094,"level":20,"msg":"Unchanged: \u001b[35mthemes/hexo-theme-next/layout/archive.swig\u001b[39m","time":"2016-01-24T04:41:23.253Z","v":0}
{"name":"hexo","hostname":"ubuntu","pid":7094,"level":20,"msg":"Unchanged: \u001b[35mthemes/hexo-theme-next/layout/category.swig\u001b[39m","time":"2016-01-24T04:41:23.253Z","v":0}
{"name":"hexo","hostname":"ubuntu","pid":7094,"level":20,"msg":"Unchanged: \u001b[35mthemes/hexo-theme-next/layout/index.swig\u001b[39m","time":"2016-01-24T04:41:23.253Z","v":0}
{"name":"hexo","hostname":"ubuntu","pid":7094,"level":20,"msg":"Unchanged: \u001b[35mthemes/hexo-theme-next/layout/page.swig\u001b[39m","time":"2016-01-24T04:41:23.253Z","v":0}
{"name":"hexo","hostname":"ubuntu","pid":7094,"level":20,"msg":"Unchanged: \u001b[35mthemes/hexo-theme-next/layout/post.swig\u001b[39m","time":"2016-01-24T04:41:23.254Z","v":0}
{"name":"hexo","hostname":"ubuntu","pid":7094,"level":20,"msg":"Unchanged: \u001b[35mthemes/hexo-theme-next/layout/tag.swig\u001b[39m","time":"2016-01-24T04:41:23.254Z","v":0}
{"name":"hexo","hostname":"ubuntu","pid":7094,"level":20,"msg":"Unchanged: \u001b[35mthemes/hexo-theme-next/package.json\u001b[39m","time":"2016-01-24T04:41:23.254Z","v":0}
{"name":"hexo","hostname":"ubuntu","pid":7094,"level":20,"msg":"Unchanged: \u001b[35mthemes/hexo-theme-next/scripts/filters/sticky.js\u001b[39m","time":"2016-01-24T04:41:23.254Z","v":0}
{"name":"hexo","hostname":"ubuntu","pid":7094,"level":20,"msg":"Unchanged: \u001b[35mthemes/hexo-theme-next/scripts/merge-configs.js\u001b[39m","time":"2016-01-24T04:41:23.254Z","v":0}
{"name":"hexo","hostname":"ubuntu","pid":7094,"level":20,"msg":"Unchanged: \u001b[35mthemes/hexo-theme-next/scripts/tags/center-quote.js\u001b[39m","time":"2016-01-24T04:41:23.254Z","v":0}
{"name":"hexo","hostname":"ubuntu","pid":7094,"level":20,"msg":"Unchanged: \u001b[35mthemes/hexo-theme-next/scripts/tags/full-image.js\u001b[39m","time":"2016-01-24T04:41:23.254Z","v":0}
{"name":"hexo","hostname":"ubuntu","pid":7094,"level":20,"msg":"Unchanged: \u001b[35mthemes/hexo-theme-next/scripts/tags/group-pictures.js\u001b[39m","time":"2016-01-24T04:41:23.255Z","v":0}
{"name":"hexo","hostname":"ubuntu","pid":7094,"level":20,"msg":"Unchanged: \u001b[35mthemes/hexo-theme-next/source/css/_common/_component/posts-expand.styl\u001b[39m","time":"2016-01-24T04:41:23.255Z","v":0}
{"name":"hexo","hostname":"ubuntu","pid":7094,"level":20,"msg":"Unchanged: \u001b[35mthemes/hexo-theme-next/source/css/_common/_section/header.styl\u001b[39m","time":"2016-01-24T04:41:23.255Z","v":0}
{"name":"hexo","hostname":"ubuntu","pid":7094,"level":20,"msg":"Unchanged: \u001b[35mthemes/hexo-theme-next/source/css/_common/components/back-to-top.styl\u001b[39m","time":"2016-01-24T04:41:23.255Z","v":0}
{"name":"hexo","hostname":"ubuntu","pid":7094,"level":20,"msg":"Unchanged: \u001b[35mthemes/hexo-theme-next/source/css/_common/components/buttons.styl\u001b[39m","time":"2016-01-24T04:41:23.256Z","v":0}
{"name":"hexo","hostname":"ubuntu","pid":7094,"level":20,"msg":"Unchanged: \u001b[35mthemes/hexo-theme-next/source/css/_common/components/comments.styl\u001b[39m","time":"2016-01-24T04:41:23.258Z","v":0}
{"name":"hexo","hostname":"ubuntu","pid":7094,"level":20,"msg":"Unchanged: \u001b[35mthemes/hexo-theme-next/source/css/_common/components/components.styl\u001b[39m","time":"2016-01-24T04:41:23.258Z","v":0}
{"name":"hexo","hostname":"ubuntu","pid":7094,"level":20,"msg":"Unchanged: \u001b[35mthemes/hexo-theme-next/source/css/_common/components/footer/footer.styl\u001b[39m","time":"2016-01-24T04:41:23.258Z","v":0}
{"name":"hexo","hostname":"ubuntu","pid":7094,"level":20,"msg":"Unchanged: \u001b[35mthemes/hexo-theme-next/source/css/_common/components/header/header.styl\u001b[39m","time":"2016-01-24T04:41:23.259Z","v":0}
{"name":"hexo","hostname":"ubuntu","pid":7094,"level":20,"msg":"Unchanged: \u001b[35mthemes/hexo-theme-next/source/css/_common/components/header/headerband.styl\u001b[39m","time":"2016-01-24T04:41:23.259Z","v":0}
{"name":"hexo","hostname":"ubuntu","pid":7094,"level":20,"msg":"Unchanged: \u001b[35mthemes/hexo-theme-next/source/css/_common/components/header/menu.styl\u001b[39m","time":"2016-01-24T04:41:23.259Z","v":0}
{"name":"hexo","hostname":"ubuntu","pid":7094,"level":20,"msg":"Unchanged: \u001b[35mthemes/hexo-theme-next/source/css/_common/components/header/site-meta.styl\u001b[39m","time":"2016-01-24T04:41:23.259Z","v":0}
{"name":"hexo","hostname":"ubuntu","pid":7094,"level":20,"msg":"Unchanged: \u001b[35mthemes/hexo-theme-next/source/css/_common/components/header/site-nav.styl\u001b[39m","time":"2016-01-24T04:41:23.259Z","v":0}
{"name":"hexo","hostname":"ubuntu","pid":7094,"level":20,"msg":"Unchanged: \u001b[35mthemes/hexo-theme-next/source/css/_common/components/highlight/highlight.styl\u001b[39m","time":"2016-01-24T04:41:23.259Z","v":0}
{"name":"hexo","hostname":"ubuntu","pid":7094,"level":20,"msg":"Unchanged: \u001b[35mthemes/hexo-theme-next/source/css/_common/components/highlight/theme.styl\u001b[39m","time":"2016-01-24T04:41:23.260Z","v":0}
{"name":"hexo","hostname":"ubuntu","pid":7094,"level":20,"msg":"Unchanged: \u001b[35mthemes/hexo-theme-next/source/css/_common/components/pages/archive.styl\u001b[39m","time":"2016-01-24T04:41:23.260Z","v":0}
{"name":"hexo","hostname":"ubuntu","pid":7094,"level":20,"msg":"Unchanged: \u001b[35mthemes/hexo-theme-next/source/css/_common/components/pages/categories.styl\u001b[39m","time":"2016-01-24T04:41:23.260Z","v":0}
{"name":"hexo","hostname":"ubuntu","pid":7094,"level":20,"msg":"Unchanged: \u001b[35mthemes/hexo-theme-next/source/css/_common/components/pages/pages.styl\u001b[39m","time":"2016-01-24T04:41:23.261Z","v":0}
{"name":"hexo","hostname":"ubuntu","pid":7094,"level":20,"msg":"Unchanged: \u001b[35mthemes/hexo-theme-next/source/css/_common/components/pages/post-detail.styl\u001b[39m","time":"2016-01-24T04:41:23.261Z","v":0}
{"name":"hexo","hostname":"ubuntu","pid":7094,"level":20,"msg":"Unchanged: \u001b[35mthemes/hexo-theme-next/source/css/_common/components/pagination.styl\u001b[39m","time":"2016-01-24T04:41:23.261Z","v":0}
{"name":"hexo","hostname":"ubuntu","pid":7094,"level":20,"msg":"Unchanged: \u001b[35mthemes/hexo-theme-next/source/css/_common/components/post/post-collapse.styl\u001b[39m","time":"2016-01-24T04:41:23.261Z","v":0}
{"name":"hexo","hostname":"ubuntu","pid":7094,"level":20,"msg":"Unchanged: \u001b[35mthemes/hexo-theme-next/source/css/_common/components/post/post-eof.styl\u001b[39m","time":"2016-01-24T04:41:23.262Z","v":0}
{"name":"hexo","hostname":"ubuntu","pid":7094,"level":20,"msg":"Unchanged: \u001b[35mthemes/hexo-theme-next/source/css/_common/components/post/post-expand.styl\u001b[39m","time":"2016-01-24T04:41:23.262Z","v":0}
{"name":"hexo","hostname":"ubuntu","pid":7094,"level":20,"msg":"Unchanged: \u001b[35mthemes/hexo-theme-next/source/css/_common/components/post/post-gallery.styl\u001b[39m","time":"2016-01-24T04:41:23.262Z","v":0}
{"name":"hexo","hostname":"ubuntu","pid":7094,"level":20,"msg":"Unchanged: \u001b[35mthemes/hexo-theme-next/source/css/_common/components/post/post-meta.styl\u001b[39m","time":"2016-01-24T04:41:23.262Z","v":0}
{"name":"hexo","hostname":"ubuntu","pid":7094,"level":20,"msg":"Unchanged: \u001b[35mthemes/hexo-theme-next/source/css/_common/components/post/post-more-link.styl\u001b[39m","time":"2016-01-24T04:41:23.263Z","v":0}
{"name":"hexo","hostname":"ubuntu","pid":7094,"level":20,"msg":"Unchanged: \u001b[35mthemes/hexo-theme-next/source/css/_common/components/post/post-nav.styl\u001b[39m","time":"2016-01-24T04:41:23.264Z","v":0}
{"name":"hexo","hostname":"ubuntu","pid":7094,"level":20,"msg":"Unchanged: \u001b[35mthemes/hexo-theme-next/source/css/_common/components/post/post-tags.styl\u001b[39m","time":"2016-01-24T04:41:23.264Z","v":0}
{"name":"hexo","hostname":"ubuntu","pid":7094,"level":20,"msg":"Unchanged: \u001b[35mthemes/hexo-theme-next/source/css/_common/components/post/post-title.styl\u001b[39m","time":"2016-01-24T04:41:23.265Z","v":0}
{"name":"hexo","hostname":"ubuntu","pid":7094,"level":20,"msg":"Unchanged: \u001b[35mthemes/hexo-theme-next/source/css/_common/components/post/post-type.styl\u001b[39m","time":"2016-01-24T04:41:23.267Z","v":0}
{"name":"hexo","hostname":"ubuntu","pid":7094,"level":20,"msg":"Unchanged: \u001b[35mthemes/hexo-theme-next/source/css/_common/components/post/post.styl\u001b[39m","time":"2016-01-24T04:41:23.267Z","v":0}
{"name":"hexo","hostname":"ubuntu","pid":7094,"level":20,"msg":"Unchanged: \u001b[35mthemes/hexo-theme-next/source/css/_common/components/sidebar/sidebar-author-links.styl\u001b[39m","time":"2016-01-24T04:41:23.268Z","v":0}
{"name":"hexo","hostname":"ubuntu","pid":7094,"level":20,"msg":"Unchanged: \u001b[35mthemes/hexo-theme-next/source/css/_common/components/sidebar/sidebar-author.styl\u001b[39m","time":"2016-01-24T04:41:23.268Z","v":0}
{"name":"hexo","hostname":"ubuntu","pid":7094,"level":20,"msg":"Unchanged: \u001b[35mthemes/hexo-theme-next/source/css/_common/components/sidebar/sidebar-feed-link.styl\u001b[39m","time":"2016-01-24T04:41:23.268Z","v":0}
{"name":"hexo","hostname":"ubuntu","pid":7094,"level":20,"msg":"Unchanged: \u001b[35mthemes/hexo-theme-next/source/css/_common/components/sidebar/sidebar-nav.styl\u001b[39m","time":"2016-01-24T04:41:23.269Z","v":0}
{"name":"hexo","hostname":"ubuntu","pid":7094,"level":20,"msg":"Unchanged: \u001b[35mthemes/hexo-theme-next/source/css/_common/components/sidebar/sidebar-toc.styl\u001b[39m","time":"2016-01-24T04:41:23.269Z","v":0}
{"name":"hexo","hostname":"ubuntu","pid":7094,"level":20,"msg":"Unchanged: \u001b[35mthemes/hexo-theme-next/source/css/_common/components/sidebar/sidebar-toggle.styl\u001b[39m","time":"2016-01-24T04:41:23.269Z","v":0}
{"name":"hexo","hostname":"ubuntu","pid":7094,"level":20,"msg":"Unchanged: \u001b[35mthemes/hexo-theme-next/source/css/_common/components/sidebar/sidebar.styl\u001b[39m","time":"2016-01-24T04:41:23.270Z","v":0}
{"name":"hexo","hostname":"ubuntu","pid":7094,"level":20,"msg":"Unchanged: \u001b[35mthemes/hexo-theme-next/source/css/_common/components/sidebar/site-state.styl\u001b[39m","time":"2016-01-24T04:41:23.270Z","v":0}
{"name":"hexo","hostname":"ubuntu","pid":7094,"level":20,"msg":"Unchanged: \u001b[35mthemes/hexo-theme-next/source/css/_common/components/tag-cloud.styl\u001b[39m","time":"2016-01-24T04:41:23.270Z","v":0}
{"name":"hexo","hostname":"ubuntu","pid":7094,"level":20,"msg":"Unchanged: \u001b[35mthemes/hexo-theme-next/source/css/_common/components/tags/blockquote-center.styl\u001b[39m","time":"2016-01-24T04:41:23.271Z","v":0}
{"name":"hexo","hostname":"ubuntu","pid":7094,"level":20,"msg":"Unchanged: \u001b[35mthemes/hexo-theme-next/source/css/_common/components/tags/full-image.styl\u001b[39m","time":"2016-01-24T04:41:23.271Z","v":0}
{"name":"hexo","hostname":"ubuntu","pid":7094,"level":20,"msg":"Unchanged: \u001b[35mthemes/hexo-theme-next/source/css/_common/components/tags/group-pictures.styl\u001b[39m","time":"2016-01-24T04:41:23.271Z","v":0}
{"name":"hexo","hostname":"ubuntu","pid":7094,"level":20,"msg":"Unchanged: \u001b[35mthemes/hexo-theme-next/source/css/_common/components/tags/tags.styl\u001b[39m","time":"2016-01-24T04:41:23.271Z","v":0}
{"name":"hexo","hostname":"ubuntu","pid":7094,"level":20,"msg":"Unchanged: \u001b[35mthemes/hexo-theme-next/source/css/_common/components/third-party/duoshuo.styl\u001b[39m","time":"2016-01-24T04:41:23.272Z","v":0}
{"name":"hexo","hostname":"ubuntu","pid":7094,"level":20,"msg":"Unchanged: \u001b[35mthemes/hexo-theme-next/source/css/_common/components/third-party/jiathis.styl\u001b[39m","time":"2016-01-24T04:41:23.272Z","v":0}
{"name":"hexo","hostname":"ubuntu","pid":7094,"level":20,"msg":"Unchanged: \u001b[35mthemes/hexo-theme-next/source/css/_common/components/third-party/third-party.styl\u001b[39m","time":"2016-01-24T04:41:23.272Z","v":0}
{"name":"hexo","hostname":"ubuntu","pid":7094,"level":20,"msg":"Unchanged: \u001b[35mthemes/hexo-theme-next/source/css/_common/outline/outline.styl\u001b[39m","time":"2016-01-24T04:41:23.272Z","v":0}
{"name":"hexo","hostname":"ubuntu","pid":7094,"level":20,"msg":"Unchanged: \u001b[35mthemes/hexo-theme-next/source/css/_common/scaffolding/base.styl\u001b[39m","time":"2016-01-24T04:41:23.272Z","v":0}
{"name":"hexo","hostname":"ubuntu","pid":7094,"level":20,"msg":"Unchanged: \u001b[35mthemes/hexo-theme-next/source/css/_common/scaffolding/helpers.styl\u001b[39m","time":"2016-01-24T04:41:23.277Z","v":0}
{"name":"hexo","hostname":"ubuntu","pid":7094,"level":20,"msg":"Unchanged: \u001b[35mthemes/hexo-theme-next/source/css/_common/scaffolding/normalize.styl\u001b[39m","time":"2016-01-24T04:41:23.278Z","v":0}
{"name":"hexo","hostname":"ubuntu","pid":7094,"level":20,"msg":"Unchanged: \u001b[35mthemes/hexo-theme-next/source/css/_common/scaffolding/scaffolding.styl\u001b[39m","time":"2016-01-24T04:41:23.279Z","v":0}
{"name":"hexo","hostname":"ubuntu","pid":7094,"level":20,"msg":"Unchanged: \u001b[35mthemes/hexo-theme-next/source/css/_common/scaffolding/tables.styl\u001b[39m","time":"2016-01-24T04:41:23.280Z","v":0}
{"name":"hexo","hostname":"ubuntu","pid":7094,"level":20,"msg":"Unchanged: \u001b[35mthemes/hexo-theme-next/source/css/_custom/custom.styl\u001b[39m","time":"2016-01-24T04:41:23.281Z","v":0}
{"name":"hexo","hostname":"ubuntu","pid":7094,"level":20,"msg":"Unchanged: \u001b[35mthemes/hexo-theme-next/source/css/_mixins/Pisces.styl\u001b[39m","time":"2016-01-24T04:41:23.281Z","v":0}
{"name":"hexo","hostname":"ubuntu","pid":7094,"level":20,"msg":"Unchanged: \u001b[35mthemes/hexo-theme-next/source/css/_mixins/base.styl\u001b[39m","time":"2016-01-24T04:41:23.281Z","v":0}
{"name":"hexo","hostname":"ubuntu","pid":7094,"level":20,"msg":"Unchanged: \u001b[35mthemes/hexo-theme-next/source/css/_schemes/Mist/_base.styl\u001b[39m","time":"2016-01-24T04:41:23.281Z","v":0}
{"name":"hexo","hostname":"ubuntu","pid":7094,"level":20,"msg":"Unchanged: \u001b[35mthemes/hexo-theme-next/source/css/_schemes/Mist/_header.styl\u001b[39m","time":"2016-01-24T04:41:23.283Z","v":0}
{"name":"hexo","hostname":"ubuntu","pid":7094,"level":20,"msg":"Unchanged: \u001b[35mthemes/hexo-theme-next/source/css/_schemes/Mist/_logo.styl\u001b[39m","time":"2016-01-24T04:41:23.283Z","v":0}
{"name":"hexo","hostname":"ubuntu","pid":7094,"level":20,"msg":"Unchanged: \u001b[35mthemes/hexo-theme-next/source/css/_schemes/Mist/_menu.styl\u001b[39m","time":"2016-01-24T04:41:23.283Z","v":0}
{"name":"hexo","hostname":"ubuntu","pid":7094,"level":20,"msg":"Unchanged: \u001b[35mthemes/hexo-theme-next/source/css/_schemes/Mist/_posts-expanded.styl\u001b[39m","time":"2016-01-24T04:41:23.283Z","v":0}
{"name":"hexo","hostname":"ubuntu","pid":7094,"level":20,"msg":"Unchanged: \u001b[35mthemes/hexo-theme-next/source/css/_schemes/Mist/index.styl\u001b[39m","time":"2016-01-24T04:41:23.283Z","v":0}
{"name":"hexo","hostname":"ubuntu","pid":7094,"level":20,"msg":"Unchanged: \u001b[35mthemes/hexo-theme-next/source/css/_schemes/Muse/_logo.styl\u001b[39m","time":"2016-01-24T04:41:23.284Z","v":0}
{"name":"hexo","hostname":"ubuntu","pid":7094,"level":20,"msg":"Unchanged: \u001b[35mthemes/hexo-theme-next/source/css/_schemes/Muse/_menu.styl\u001b[39m","time":"2016-01-24T04:41:23.284Z","v":0}
{"name":"hexo","hostname":"ubuntu","pid":7094,"level":20,"msg":"Unchanged: \u001b[35mthemes/hexo-theme-next/source/css/_schemes/Muse/_search.styl\u001b[39m","time":"2016-01-24T04:41:23.284Z","v":0}
{"name":"hexo","hostname":"ubuntu","pid":7094,"level":20,"msg":"Unchanged: \u001b[35mthemes/hexo-theme-next/source/css/_schemes/Muse/index.styl\u001b[39m","time":"2016-01-24T04:41:23.285Z","v":0}
{"name":"hexo","hostname":"ubuntu","pid":7094,"level":20,"msg":"Unchanged: \u001b[35mthemes/hexo-theme-next/source/css/_schemes/Pisces/_brand.styl\u001b[39m","time":"2016-01-24T04:41:23.285Z","v":0}
{"name":"hexo","hostname":"ubuntu","pid":7094,"level":20,"msg":"Unchanged: \u001b[35mthemes/hexo-theme-next/source/css/_schemes/Pisces/_full-image.styl\u001b[39m","time":"2016-01-24T04:41:23.285Z","v":0}
{"name":"hexo","hostname":"ubuntu","pid":7094,"level":20,"msg":"Unchanged: \u001b[35mthemes/hexo-theme-next/source/css/_schemes/Pisces/_layout.styl\u001b[39m","time":"2016-01-24T04:41:23.295Z","v":0}
{"name":"hexo","hostname":"ubuntu","pid":7094,"level":20,"msg":"Unchanged: \u001b[35mthemes/hexo-theme-next/source/css/_schemes/Pisces/_menu.styl\u001b[39m","time":"2016-01-24T04:41:23.295Z","v":0}
{"name":"hexo","hostname":"ubuntu","pid":7094,"level":20,"msg":"Unchanged: \u001b[35mthemes/hexo-theme-next/source/css/_schemes/Pisces/_posts.styl\u001b[39m","time":"2016-01-24T04:41:23.295Z","v":0}
{"name":"hexo","hostname":"ubuntu","pid":7094,"level":20,"msg":"Unchanged: \u001b[35mthemes/hexo-theme-next/source/css/_schemes/Pisces/_sidebar.styl\u001b[39m","time":"2016-01-24T04:41:23.296Z","v":0}
{"name":"hexo","hostname":"ubuntu","pid":7094,"level":20,"msg":"Unchanged: \u001b[35mthemes/hexo-theme-next/source/css/_schemes/Pisces/index.styl\u001b[39m","time":"2016-01-24T04:41:23.296Z","v":0}
{"name":"hexo","hostname":"ubuntu","pid":7094,"level":20,"msg":"Unchanged: \u001b[35mthemes/hexo-theme-next/source/css/_variables/Mist.styl\u001b[39m","time":"2016-01-24T04:41:23.296Z","v":0}
{"name":"hexo","hostname":"ubuntu","pid":7094,"level":20,"msg":"Unchanged: \u001b[35mthemes/hexo-theme-next/source/css/_variables/Pisces.styl\u001b[39m","time":"2016-01-24T04:41:23.297Z","v":0}
{"name":"hexo","hostname":"ubuntu","pid":7094,"level":20,"msg":"Unchanged: \u001b[35mthemes/hexo-theme-next/source/css/_variables/base.styl\u001b[39m","time":"2016-01-24T04:41:23.297Z","v":0}
{"name":"hexo","hostname":"ubuntu","pid":7094,"level":20,"msg":"Unchanged: \u001b[35mthemes/hexo-theme-next/source/css/_variables/default.styl\u001b[39m","time":"2016-01-24T04:41:23.297Z","v":0}
{"name":"hexo","hostname":"ubuntu","pid":7094,"level":20,"msg":"Unchanged: \u001b[35mthemes/hexo-theme-next/source/css/main.styl\u001b[39m","time":"2016-01-24T04:41:23.297Z","v":0}
{"name":"hexo","hostname":"ubuntu","pid":7094,"level":20,"msg":"Unchanged: \u001b[35mthemes/hexo-theme-next/source/images/cc-by-nc-nd.svg\u001b[39m","time":"2016-01-24T04:41:23.297Z","v":0}
{"name":"hexo","hostname":"ubuntu","pid":7094,"level":20,"msg":"Unchanged: \u001b[35mthemes/hexo-theme-next/source/images/cc-by-nc-sa.svg\u001b[39m","time":"2016-01-24T04:41:23.298Z","v":0}
{"name":"hexo","hostname":"ubuntu","pid":7094,"level":20,"msg":"Unchanged: \u001b[35mthemes/hexo-theme-next/source/images/cc-by-nc.svg\u001b[39m","time":"2016-01-24T04:41:23.298Z","v":0}
{"name":"hexo","hostname":"ubuntu","pid":7094,"level":20,"msg":"Unchanged: \u001b[35mthemes/hexo-theme-next/source/images/cc-by-nd.svg\u001b[39m","time":"2016-01-24T04:41:23.298Z","v":0}
{"name":"hexo","hostname":"ubuntu","pid":7094,"level":20,"msg":"Unchanged: \u001b[35mthemes/hexo-theme-next/source/images/cc-by-sa.svg\u001b[39m","time":"2016-01-24T04:41:23.298Z","v":0}
{"name":"hexo","hostname":"ubuntu","pid":7094,"level":20,"msg":"Unchanged: \u001b[35mthemes/hexo-theme-next/source/images/cc-by.svg\u001b[39m","time":"2016-01-24T04:41:23.298Z","v":0}
{"name":"hexo","hostname":"ubuntu","pid":7094,"level":20,"msg":"Unchanged: \u001b[35mthemes/hexo-theme-next/source/images/cc-zero.svg\u001b[39m","time":"2016-01-24T04:41:23.298Z","v":0}
{"name":"hexo","hostname":"ubuntu","pid":7094,"level":20,"msg":"Unchanged: \u001b[35mthemes/hexo-theme-next/source/images/loading.gif\u001b[39m","time":"2016-01-24T04:41:23.299Z","v":0}
{"name":"hexo","hostname":"ubuntu","pid":7094,"level":20,"msg":"Unchanged: \u001b[35mthemes/hexo-theme-next/source/images/placeholder.gif\u001b[39m","time":"2016-01-24T04:41:23.299Z","v":0}
{"name":"hexo","hostname":"ubuntu","pid":7094,"level":20,"msg":"Unchanged: \u001b[35mthemes/hexo-theme-next/source/images/quote-l.svg\u001b[39m","time":"2016-01-24T04:41:23.299Z","v":0}
{"name":"hexo","hostname":"ubuntu","pid":7094,"level":20,"msg":"Unchanged: \u001b[35mthemes/hexo-theme-next/source/images/quote-r.svg\u001b[39m","time":"2016-01-24T04:41:23.299Z","v":0}
{"name":"hexo","hostname":"ubuntu","pid":7094,"level":20,"msg":"Unchanged: \u001b[35mthemes/hexo-theme-next/source/images/searchicon.png\u001b[39m","time":"2016-01-24T04:41:23.299Z","v":0}
{"name":"hexo","hostname":"ubuntu","pid":7094,"level":20,"msg":"Unchanged: \u001b[35mthemes/hexo-theme-next/source/js/src/affix.js\u001b[39m","time":"2016-01-24T04:41:23.300Z","v":0}
{"name":"hexo","hostname":"ubuntu","pid":7094,"level":20,"msg":"Unchanged: \u001b[35mthemes/hexo-theme-next/source/js/src/bootstrap.js\u001b[39m","time":"2016-01-24T04:41:23.300Z","v":0}
{"name":"hexo","hostname":"ubuntu","pid":7094,"level":20,"msg":"Unchanged: \u001b[35mthemes/hexo-theme-next/source/js/src/hook-duoshuo.js\u001b[39m","time":"2016-01-24T04:41:23.300Z","v":0}
{"name":"hexo","hostname":"ubuntu","pid":7094,"level":20,"msg":"Unchanged: \u001b[35mthemes/hexo-theme-next/source/js/src/motion.js\u001b[39m","time":"2016-01-24T04:41:23.300Z","v":0}
{"name":"hexo","hostname":"ubuntu","pid":7094,"level":20,"msg":"Unchanged: \u001b[35mthemes/hexo-theme-next/source/js/src/schemes/pisces.js\u001b[39m","time":"2016-01-24T04:41:23.300Z","v":0}
{"name":"hexo","hostname":"ubuntu","pid":7094,"level":20,"msg":"Unchanged: \u001b[35mthemes/hexo-theme-next/source/js/src/scrollspy.js\u001b[39m","time":"2016-01-24T04:41:23.301Z","v":0}
{"name":"hexo","hostname":"ubuntu","pid":7094,"level":20,"msg":"Unchanged: \u001b[35mthemes/hexo-theme-next/source/js/src/utils.js\u001b[39m","time":"2016-01-24T04:41:23.301Z","v":0}
{"name":"hexo","hostname":"ubuntu","pid":7094,"level":20,"msg":"Unchanged: \u001b[35mthemes/hexo-theme-next/source/vendors/fancybox/source/blank.gif\u001b[39m","time":"2016-01-24T04:41:23.301Z","v":0}
{"name":"hexo","hostname":"ubuntu","pid":7094,"level":20,"msg":"Unchanged: \u001b[35mthemes/hexo-theme-next/source/vendors/fancybox/source/fancybox_loading.gif\u001b[39m","time":"2016-01-24T04:41:23.301Z","v":0}
{"name":"hexo","hostname":"ubuntu","pid":7094,"level":20,"msg":"Unchanged: \u001b[35mthemes/hexo-theme-next/source/vendors/fancybox/source/fancybox_loading@2x.gif\u001b[39m","time":"2016-01-24T04:41:23.301Z","v":0}
{"name":"hexo","hostname":"ubuntu","pid":7094,"level":20,"msg":"Unchanged: \u001b[35mthemes/hexo-theme-next/source/vendors/fancybox/source/fancybox_overlay.png\u001b[39m","time":"2016-01-24T04:41:23.301Z","v":0}
{"name":"hexo","hostname":"ubuntu","pid":7094,"level":20,"msg":"Unchanged: \u001b[35mthemes/hexo-theme-next/source/vendors/fancybox/source/fancybox_sprite.png\u001b[39m","time":"2016-01-24T04:41:23.301Z","v":0}
{"name":"hexo","hostname":"ubuntu","pid":7094,"level":20,"msg":"Unchanged: \u001b[35mthemes/hexo-theme-next/source/vendors/fancybox/source/fancybox_sprite@2x.png\u001b[39m","time":"2016-01-24T04:41:23.302Z","v":0}
{"name":"hexo","hostname":"ubuntu","pid":7094,"level":20,"msg":"Unchanged: \u001b[35mthemes/hexo-theme-next/source/vendors/fancybox/source/helpers/fancybox_buttons.png\u001b[39m","time":"2016-01-24T04:41:23.302Z","v":0}
{"name":"hexo","hostname":"ubuntu","pid":7094,"level":20,"msg":"Unchanged: \u001b[35mthemes/hexo-theme-next/source/vendors/fancybox/source/helpers/jquery.fancybox-buttons.css\u001b[39m","time":"2016-01-24T04:41:23.302Z","v":0}
{"name":"hexo","hostname":"ubuntu","pid":7094,"level":20,"msg":"Unchanged: \u001b[35mthemes/hexo-theme-next/source/vendors/fancybox/source/helpers/jquery.fancybox-buttons.js\u001b[39m","time":"2016-01-24T04:41:23.302Z","v":0}
{"name":"hexo","hostname":"ubuntu","pid":7094,"level":20,"msg":"Unchanged: \u001b[35mthemes/hexo-theme-next/source/vendors/fancybox/source/helpers/jquery.fancybox-media.js\u001b[39m","time":"2016-01-24T04:41:23.302Z","v":0}
{"name":"hexo","hostname":"ubuntu","pid":7094,"level":20,"msg":"Unchanged: \u001b[35mthemes/hexo-theme-next/source/vendors/fancybox/source/helpers/jquery.fancybox-thumbs.css\u001b[39m","time":"2016-01-24T04:41:23.303Z","v":0}
{"name":"hexo","hostname":"ubuntu","pid":7094,"level":20,"msg":"Unchanged: \u001b[35mthemes/hexo-theme-next/source/vendors/fancybox/source/helpers/jquery.fancybox-thumbs.js\u001b[39m","time":"2016-01-24T04:41:23.303Z","v":0}
{"name":"hexo","hostname":"ubuntu","pid":7094,"level":20,"msg":"Unchanged: \u001b[35mthemes/hexo-theme-next/source/vendors/fancybox/source/jquery.fancybox.css\u001b[39m","time":"2016-01-24T04:41:23.303Z","v":0}
{"name":"hexo","hostname":"ubuntu","pid":7094,"level":20,"msg":"Unchanged: \u001b[35mthemes/hexo-theme-next/source/vendors/fancybox/source/jquery.fancybox.js\u001b[39m","time":"2016-01-24T04:41:23.304Z","v":0}
{"name":"hexo","hostname":"ubuntu","pid":7094,"level":20,"msg":"Unchanged: \u001b[35mthemes/hexo-theme-next/source/vendors/fastclick/LICENSE\u001b[39m","time":"2016-01-24T04:41:23.304Z","v":0}
{"name":"hexo","hostname":"ubuntu","pid":7094,"level":20,"msg":"Unchanged: \u001b[35mthemes/hexo-theme-next/source/vendors/fancybox/source/jquery.fancybox.pack.js\u001b[39m","time":"2016-01-24T04:41:23.305Z","v":0}
{"name":"hexo","hostname":"ubuntu","pid":7094,"level":20,"msg":"Unchanged: \u001b[35mthemes/hexo-theme-next/source/vendors/fastclick/README.md\u001b[39m","time":"2016-01-24T04:41:23.305Z","v":0}
{"name":"hexo","hostname":"ubuntu","pid":7094,"level":20,"msg":"Unchanged: \u001b[35mthemes/hexo-theme-next/source/vendors/fastclick/bower.json\u001b[39m","time":"2016-01-24T04:41:23.305Z","v":0}
{"name":"hexo","hostname":"ubuntu","pid":7094,"level":20,"msg":"Unchanged: \u001b[35mthemes/hexo-theme-next/source/vendors/fastclick/lib/fastclick.js\u001b[39m","time":"2016-01-24T04:41:23.306Z","v":0}
{"name":"hexo","hostname":"ubuntu","pid":7094,"level":20,"msg":"Unchanged: \u001b[35mthemes/hexo-theme-next/source/vendors/fastclick/lib/fastclick.min.js\u001b[39m","time":"2016-01-24T04:41:23.306Z","v":0}
{"name":"hexo","hostname":"ubuntu","pid":7094,"level":20,"msg":"Unchanged: \u001b[35mthemes/hexo-theme-next/source/vendors/font-awesome/HELP-US-OUT.txt\u001b[39m","time":"2016-01-24T04:41:23.306Z","v":0}
{"name":"hexo","hostname":"ubuntu","pid":7094,"level":20,"msg":"Unchanged: \u001b[35mthemes/hexo-theme-next/source/vendors/font-awesome/bower.json\u001b[39m","time":"2016-01-24T04:41:23.307Z","v":0}
{"name":"hexo","hostname":"ubuntu","pid":7094,"level":20,"msg":"Unchanged: \u001b[35mthemes/hexo-theme-next/source/vendors/font-awesome/css/font-awesome.css.map\u001b[39m","time":"2016-01-24T04:41:23.307Z","v":0}
{"name":"hexo","hostname":"ubuntu","pid":7094,"level":20,"msg":"Unchanged: \u001b[35mthemes/hexo-theme-next/source/vendors/font-awesome/css/font-awesome.min.css\u001b[39m","time":"2016-01-24T04:41:23.308Z","v":0}
{"name":"hexo","hostname":"ubuntu","pid":7094,"level":20,"msg":"Unchanged: \u001b[35mthemes/hexo-theme-next/source/vendors/font-awesome/css/font-awesome.css\u001b[39m","time":"2016-01-24T04:41:23.308Z","v":0}
{"name":"hexo","hostname":"ubuntu","pid":7094,"level":20,"msg":"Unchanged: \u001b[35mthemes/hexo-theme-next/source/vendors/font-awesome/fonts/fontawesome-webfont.woff2\u001b[39m","time":"2016-01-24T04:41:23.309Z","v":0}
{"name":"hexo","hostname":"ubuntu","pid":7094,"level":20,"msg":"Unchanged: \u001b[35mthemes/hexo-theme-next/source/vendors/jquery_lazyload/CONTRIBUTING.md\u001b[39m","time":"2016-01-24T04:41:23.309Z","v":0}
{"name":"hexo","hostname":"ubuntu","pid":7094,"level":20,"msg":"Unchanged: \u001b[35mthemes/hexo-theme-next/source/vendors/jquery_lazyload/README.md\u001b[39m","time":"2016-01-24T04:41:23.310Z","v":0}
{"name":"hexo","hostname":"ubuntu","pid":7094,"level":20,"msg":"Unchanged: \u001b[35mthemes/hexo-theme-next/source/vendors/jquery_lazyload/bower.json\u001b[39m","time":"2016-01-24T04:41:23.310Z","v":0}
{"name":"hexo","hostname":"ubuntu","pid":7094,"level":20,"msg":"Unchanged: \u001b[35mthemes/hexo-theme-next/source/vendors/jquery_lazyload/jquery.scrollstop.js\u001b[39m","time":"2016-01-24T04:41:23.310Z","v":0}
{"name":"hexo","hostname":"ubuntu","pid":7094,"level":20,"msg":"Unchanged: \u001b[35mthemes/hexo-theme-next/source/vendors/jquery_lazyload/jquery.lazyload.js\u001b[39m","time":"2016-01-24T04:41:23.311Z","v":0}
{"name":"hexo","hostname":"ubuntu","pid":7094,"level":20,"msg":"Unchanged: \u001b[35mthemes/hexo-theme-next/source/vendors/ua-parser-js/dist/ua-parser.min.js\u001b[39m","time":"2016-01-24T04:41:23.311Z","v":0}
{"name":"hexo","hostname":"ubuntu","pid":7094,"level":20,"msg":"Unchanged: \u001b[35mthemes/hexo-theme-next/source/vendors/ua-parser-js/dist/ua-parser.pack.js\u001b[39m","time":"2016-01-24T04:41:23.311Z","v":0}
{"name":"hexo","hostname":"ubuntu","pid":7094,"level":20,"msg":"Unchanged: \u001b[35mthemes/hexo-theme-next/source/vendors/velocity/bower.json\u001b[39m","time":"2016-01-24T04:41:23.311Z","v":0}
{"name":"hexo","hostname":"ubuntu","pid":7094,"level":20,"msg":"Unchanged: \u001b[35mthemes/hexo-theme-next/source/vendors/velocity/velocity.ui.min.js\u001b[39m","time":"2016-01-24T04:41:23.312Z","v":0}
{"name":"hexo","hostname":"ubuntu","pid":7094,"level":20,"msg":"Unchanged: \u001b[35mthemes/hexo-theme-next/test/helpers.js\u001b[39m","time":"2016-01-24T04:41:23.312Z","v":0}
{"name":"hexo","hostname":"ubuntu","pid":7094,"level":20,"msg":"Unchanged: \u001b[35mthemes/hexo-theme-next/source/vendors/velocity/velocity.ui.js\u001b[39m","time":"2016-01-24T04:41:23.312Z","v":0}
{"name":"hexo","hostname":"ubuntu","pid":7094,"level":20,"msg":"Unchanged: \u001b[35mthemes/hexo-theme-next/test/intern.js\u001b[39m","time":"2016-01-24T04:41:23.312Z","v":0}
{"name":"hexo","hostname":"ubuntu","pid":7094,"level":20,"msg":"Unchanged: \u001b[35mthemes/hexo-theme-next/source/vendors/velocity/velocity.min.js\u001b[39m","time":"2016-01-24T04:41:23.312Z","v":0}
{"name":"hexo","hostname":"ubuntu","pid":7094,"level":20,"msg":"Unchanged: \u001b[35mthemes/hexo-theme-next/source/vendors/font-awesome/fonts/fontawesome-webfont.eot\u001b[39m","time":"2016-01-24T04:41:23.317Z","v":0}
{"name":"hexo","hostname":"ubuntu","pid":7094,"level":20,"msg":"Unchanged: \u001b[35mthemes/hexo-theme-next/source/vendors/jquery/index.js\u001b[39m","time":"2016-01-24T04:41:23.318Z","v":0}
{"name":"hexo","hostname":"ubuntu","pid":7094,"level":20,"msg":"Unchanged: \u001b[35mthemes/hexo-theme-next/source/vendors/font-awesome/fonts/fontawesome-webfont.woff\u001b[39m","time":"2016-01-24T04:41:23.318Z","v":0}
{"name":"hexo","hostname":"ubuntu","pid":7094,"level":20,"msg":"Unchanged: \u001b[35mthemes/hexo-theme-next/source/vendors/font-awesome/fonts/FontAwesome.otf\u001b[39m","time":"2016-01-24T04:41:23.318Z","v":0}
{"name":"hexo","hostname":"ubuntu","pid":7094,"level":20,"msg":"Unchanged: \u001b[35mthemes/hexo-theme-next/source/vendors/font-awesome/fonts/fontawesome-webfont.ttf\u001b[39m","time":"2016-01-24T04:41:23.319Z","v":0}
{"name":"hexo","hostname":"ubuntu","pid":7094,"level":20,"msg":"Unchanged: \u001b[35mthemes/hexo-theme-next/source/vendors/velocity/velocity.js\u001b[39m","time":"2016-01-24T04:41:23.320Z","v":0}
{"name":"hexo","hostname":"ubuntu","pid":7094,"level":20,"msg":"Unchanged: \u001b[35mthemes/hexo-theme-next/source/vendors/font-awesome/fonts/fontawesome-webfont.svg\u001b[39m","time":"2016-01-24T04:41:23.321Z","v":0}
{"name":"hexo","hostname":"ubuntu","pid":7094,"level":20,"msg":"Processed: \u001b[35mlayout/_scripts/schemes/mist.swig\u001b[39m","time":"2016-01-24T04:41:23.336Z","v":0}
{"name":"hexo","hostname":"ubuntu","pid":7094,"level":20,"msg":"Processed: \u001b[35msource/vendors/font-awesome/fonts/fontawesome-webfont.svg\u001b[39m","time":"2016-01-24T04:41:23.338Z","v":0}
{"name":"hexo","hostname":"ubuntu","pid":7094,"level":20,"msg":"Processed: \u001b[35msource/vendors/velocity/velocity.js\u001b[39m","time":"2016-01-24T04:41:23.340Z","v":0}
{"name":"hexo","hostname":"ubuntu","pid":7094,"level":20,"msg":"Processed: \u001b[35msource/vendors/font-awesome/fonts/fontawesome-webfont.ttf\u001b[39m","time":"2016-01-24T04:41:23.342Z","v":0}
{"name":"hexo","hostname":"ubuntu","pid":7094,"level":20,"msg":"Processed: \u001b[35msource/vendors/font-awesome/fonts/fontawesome-webfont.woff\u001b[39m","time":"2016-01-24T04:41:23.343Z","v":0}
{"name":"hexo","hostname":"ubuntu","pid":7094,"level":20,"msg":"Processed: \u001b[35msource/vendors/jquery/index.js\u001b[39m","time":"2016-01-24T04:41:23.344Z","v":0}
{"name":"hexo","hostname":"ubuntu","pid":7094,"level":20,"msg":"Processed: \u001b[35msource/vendors/font-awesome/fonts/FontAwesome.otf\u001b[39m","time":"2016-01-24T04:41:23.345Z","v":0}
{"name":"hexo","hostname":"ubuntu","pid":7094,"level":20,"msg":"Processed: \u001b[35msource/vendors/font-awesome/fonts/fontawesome-webfont.eot\u001b[39m","time":"2016-01-24T04:41:23.345Z","v":0}
{"name":"hexo","hostname":"ubuntu","pid":7094,"level":20,"msg":"Processed: \u001b[35msource/vendors/velocity/velocity.min.js\u001b[39m","time":"2016-01-24T04:41:23.346Z","v":0}
{"name":"hexo","hostname":"ubuntu","pid":7094,"level":20,"msg":"Processed: \u001b[35msource/vendors/velocity/velocity.ui.js\u001b[39m","time":"2016-01-24T04:41:23.346Z","v":0}
{"name":"hexo","hostname":"ubuntu","pid":7094,"level":20,"msg":"Processed: \u001b[35msource/vendors/velocity/velocity.ui.min.js\u001b[39m","time":"2016-01-24T04:41:23.347Z","v":0}
{"name":"hexo","hostname":"ubuntu","pid":7094,"level":20,"msg":"Processed: \u001b[35msource/vendors/velocity/bower.json\u001b[39m","time":"2016-01-24T04:41:23.348Z","v":0}
{"name":"hexo","hostname":"ubuntu","pid":7094,"level":20,"msg":"Processed: \u001b[35msource/vendors/ua-parser-js/dist/ua-parser.pack.js\u001b[39m","time":"2016-01-24T04:41:23.348Z","v":0}
{"name":"hexo","hostname":"ubuntu","pid":7094,"level":20,"msg":"Processed: \u001b[35msource/vendors/ua-parser-js/dist/ua-parser.min.js\u001b[39m","time":"2016-01-24T04:41:23.349Z","v":0}
{"name":"hexo","hostname":"ubuntu","pid":7094,"level":20,"msg":"Processed: \u001b[35msource/vendors/jquery_lazyload/jquery.lazyload.js\u001b[39m","time":"2016-01-24T04:41:23.351Z","v":0}
{"name":"hexo","hostname":"ubuntu","pid":7094,"level":20,"msg":"Processed: \u001b[35msource/vendors/jquery_lazyload/jquery.scrollstop.js\u001b[39m","time":"2016-01-24T04:41:23.353Z","v":0}
{"name":"hexo","hostname":"ubuntu","pid":7094,"level":20,"msg":"Processed: \u001b[35msource/vendors/jquery_lazyload/bower.json\u001b[39m","time":"2016-01-24T04:41:23.355Z","v":0}
{"name":"hexo","hostname":"ubuntu","pid":7094,"level":20,"msg":"Processed: \u001b[35msource/vendors/jquery_lazyload/README.md\u001b[39m","time":"2016-01-24T04:41:23.356Z","v":0}
{"name":"hexo","hostname":"ubuntu","pid":7094,"level":20,"msg":"Processed: \u001b[35msource/vendors/jquery_lazyload/CONTRIBUTING.md\u001b[39m","time":"2016-01-24T04:41:23.357Z","v":0}
{"name":"hexo","hostname":"ubuntu","pid":7094,"level":20,"msg":"Processed: \u001b[35msource/vendors/font-awesome/fonts/fontawesome-webfont.woff2\u001b[39m","time":"2016-01-24T04:41:23.357Z","v":0}
{"name":"hexo","hostname":"ubuntu","pid":7094,"level":20,"msg":"Processed: \u001b[35msource/vendors/font-awesome/css/font-awesome.css\u001b[39m","time":"2016-01-24T04:41:23.358Z","v":0}
{"name":"hexo","hostname":"ubuntu","pid":7094,"level":20,"msg":"Processed: \u001b[35msource/vendors/font-awesome/css/font-awesome.min.css\u001b[39m","time":"2016-01-24T04:41:23.359Z","v":0}
{"name":"hexo","hostname":"ubuntu","pid":7094,"level":20,"msg":"Processed: \u001b[35msource/vendors/font-awesome/css/font-awesome.css.map\u001b[39m","time":"2016-01-24T04:41:23.360Z","v":0}
{"name":"hexo","hostname":"ubuntu","pid":7094,"level":20,"msg":"Processed: \u001b[35msource/vendors/font-awesome/bower.json\u001b[39m","time":"2016-01-24T04:41:23.361Z","v":0}
{"name":"hexo","hostname":"ubuntu","pid":7094,"level":20,"msg":"Processed: \u001b[35msource/vendors/font-awesome/HELP-US-OUT.txt\u001b[39m","time":"2016-01-24T04:41:23.362Z","v":0}
{"name":"hexo","hostname":"ubuntu","pid":7094,"level":20,"msg":"Processed: \u001b[35msource/vendors/fastclick/lib/fastclick.min.js\u001b[39m","time":"2016-01-24T04:41:23.362Z","v":0}
{"name":"hexo","hostname":"ubuntu","pid":7094,"level":20,"msg":"Processed: \u001b[35msource/vendors/fastclick/lib/fastclick.js\u001b[39m","time":"2016-01-24T04:41:23.363Z","v":0}
{"name":"hexo","hostname":"ubuntu","pid":7094,"level":20,"msg":"Processed: \u001b[35msource/vendors/fastclick/bower.json\u001b[39m","time":"2016-01-24T04:41:23.363Z","v":0}
{"name":"hexo","hostname":"ubuntu","pid":7094,"level":20,"msg":"Processed: \u001b[35msource/vendors/fastclick/README.md\u001b[39m","time":"2016-01-24T04:41:23.364Z","v":0}
{"name":"hexo","hostname":"ubuntu","pid":7094,"level":20,"msg":"Processed: \u001b[35msource/vendors/fancybox/source/jquery.fancybox.pack.js\u001b[39m","time":"2016-01-24T04:41:23.364Z","v":0}
{"name":"hexo","hostname":"ubuntu","pid":7094,"level":20,"msg":"Processed: \u001b[35msource/vendors/fastclick/LICENSE\u001b[39m","time":"2016-01-24T04:41:23.369Z","v":0}
{"name":"hexo","hostname":"ubuntu","pid":7094,"level":20,"msg":"Processed: \u001b[35msource/vendors/fancybox/source/jquery.fancybox.js\u001b[39m","time":"2016-01-24T04:41:23.371Z","v":0}
{"name":"hexo","hostname":"ubuntu","pid":7094,"level":20,"msg":"Processed: \u001b[35msource/vendors/fancybox/source/jquery.fancybox.css\u001b[39m","time":"2016-01-24T04:41:23.377Z","v":0}
{"name":"hexo","hostname":"ubuntu","pid":7094,"level":20,"msg":"Processed: \u001b[35msource/vendors/fancybox/source/helpers/jquery.fancybox-thumbs.js\u001b[39m","time":"2016-01-24T04:41:23.378Z","v":0}
{"name":"hexo","hostname":"ubuntu","pid":7094,"level":20,"msg":"Processed: \u001b[35msource/vendors/fancybox/source/helpers/jquery.fancybox-thumbs.css\u001b[39m","time":"2016-01-24T04:41:23.381Z","v":0}
{"name":"hexo","hostname":"ubuntu","pid":7094,"level":20,"msg":"Processed: \u001b[35msource/vendors/fancybox/source/helpers/jquery.fancybox-media.js\u001b[39m","time":"2016-01-24T04:41:23.381Z","v":0}
{"name":"hexo","hostname":"ubuntu","pid":7094,"level":20,"msg":"Processed: \u001b[35msource/vendors/fancybox/source/helpers/jquery.fancybox-buttons.js\u001b[39m","time":"2016-01-24T04:41:23.382Z","v":0}
{"name":"hexo","hostname":"ubuntu","pid":7094,"level":20,"msg":"Processed: \u001b[35msource/vendors/fancybox/source/helpers/jquery.fancybox-buttons.css\u001b[39m","time":"2016-01-24T04:41:23.382Z","v":0}
{"name":"hexo","hostname":"ubuntu","pid":7094,"level":20,"msg":"Processed: \u001b[35msource/vendors/fancybox/source/helpers/fancybox_buttons.png\u001b[39m","time":"2016-01-24T04:41:23.382Z","v":0}
{"name":"hexo","hostname":"ubuntu","pid":7094,"level":20,"msg":"Processed: \u001b[35msource/vendors/fancybox/source/fancybox_sprite@2x.png\u001b[39m","time":"2016-01-24T04:41:23.383Z","v":0}
{"name":"hexo","hostname":"ubuntu","pid":7094,"level":20,"msg":"Processed: \u001b[35msource/vendors/fancybox/source/fancybox_sprite.png\u001b[39m","time":"2016-01-24T04:41:23.383Z","v":0}
{"name":"hexo","hostname":"ubuntu","pid":7094,"level":20,"msg":"Processed: \u001b[35msource/vendors/fancybox/source/fancybox_overlay.png\u001b[39m","time":"2016-01-24T04:41:23.384Z","v":0}
{"name":"hexo","hostname":"ubuntu","pid":7094,"level":20,"msg":"Processed: \u001b[35msource/vendors/fancybox/source/fancybox_loading@2x.gif\u001b[39m","time":"2016-01-24T04:41:23.385Z","v":0}
{"name":"hexo","hostname":"ubuntu","pid":7094,"level":20,"msg":"Processed: \u001b[35msource/vendors/fancybox/source/fancybox_loading.gif\u001b[39m","time":"2016-01-24T04:41:23.385Z","v":0}
{"name":"hexo","hostname":"ubuntu","pid":7094,"level":20,"msg":"Processed: \u001b[35msource/vendors/fancybox/source/blank.gif\u001b[39m","time":"2016-01-24T04:41:23.385Z","v":0}
{"name":"hexo","hostname":"ubuntu","pid":7094,"level":20,"msg":"Processed: \u001b[35msource/js/src/utils.js\u001b[39m","time":"2016-01-24T04:41:23.386Z","v":0}
{"name":"hexo","hostname":"ubuntu","pid":7094,"level":20,"msg":"Processed: \u001b[35msource/js/src/scrollspy.js\u001b[39m","time":"2016-01-24T04:41:23.386Z","v":0}
{"name":"hexo","hostname":"ubuntu","pid":7094,"level":20,"msg":"Processed: \u001b[35msource/js/src/schemes/pisces.js\u001b[39m","time":"2016-01-24T04:41:23.387Z","v":0}
{"name":"hexo","hostname":"ubuntu","pid":7094,"level":20,"msg":"Processed: \u001b[35msource/js/src/motion.js\u001b[39m","time":"2016-01-24T04:41:23.387Z","v":0}
{"name":"hexo","hostname":"ubuntu","pid":7094,"level":20,"msg":"Processed: \u001b[35msource/js/src/hook-duoshuo.js\u001b[39m","time":"2016-01-24T04:41:23.388Z","v":0}
{"name":"hexo","hostname":"ubuntu","pid":7094,"level":20,"msg":"Processed: \u001b[35msource/js/src/bootstrap.js\u001b[39m","time":"2016-01-24T04:41:23.388Z","v":0}
{"name":"hexo","hostname":"ubuntu","pid":7094,"level":20,"msg":"Processed: \u001b[35msource/js/src/affix.js\u001b[39m","time":"2016-01-24T04:41:23.389Z","v":0}
{"name":"hexo","hostname":"ubuntu","pid":7094,"level":20,"msg":"Processed: \u001b[35msource/images/searchicon.png\u001b[39m","time":"2016-01-24T04:41:23.390Z","v":0}
{"name":"hexo","hostname":"ubuntu","pid":7094,"level":20,"msg":"Processed: \u001b[35msource/images/quote-r.svg\u001b[39m","time":"2016-01-24T04:41:23.391Z","v":0}
{"name":"hexo","hostname":"ubuntu","pid":7094,"level":20,"msg":"Processed: \u001b[35msource/images/quote-l.svg\u001b[39m","time":"2016-01-24T04:41:23.392Z","v":0}
{"name":"hexo","hostname":"ubuntu","pid":7094,"level":20,"msg":"Processed: \u001b[35msource/images/placeholder.gif\u001b[39m","time":"2016-01-24T04:41:23.393Z","v":0}
{"name":"hexo","hostname":"ubuntu","pid":7094,"level":20,"msg":"Processed: \u001b[35msource/images/loading.gif\u001b[39m","time":"2016-01-24T04:41:23.394Z","v":0}
{"name":"hexo","hostname":"ubuntu","pid":7094,"level":20,"msg":"Processed: \u001b[35msource/images/cc-zero.svg\u001b[39m","time":"2016-01-24T04:41:23.397Z","v":0}
{"name":"hexo","hostname":"ubuntu","pid":7094,"level":20,"msg":"Processed: \u001b[35msource/images/cc-by.svg\u001b[39m","time":"2016-01-24T04:41:23.400Z","v":0}
{"name":"hexo","hostname":"ubuntu","pid":7094,"level":20,"msg":"Processed: \u001b[35msource/images/cc-by-sa.svg\u001b[39m","time":"2016-01-24T04:41:23.401Z","v":0}
{"name":"hexo","hostname":"ubuntu","pid":7094,"level":20,"msg":"Processed: \u001b[35msource/images/cc-by-nd.svg\u001b[39m","time":"2016-01-24T04:41:23.403Z","v":0}
{"name":"hexo","hostname":"ubuntu","pid":7094,"level":20,"msg":"Processed: \u001b[35msource/images/cc-by-nc.svg\u001b[39m","time":"2016-01-24T04:41:23.404Z","v":0}
{"name":"hexo","hostname":"ubuntu","pid":7094,"level":20,"msg":"Processed: \u001b[35msource/images/cc-by-nc-sa.svg\u001b[39m","time":"2016-01-24T04:41:23.404Z","v":0}
{"name":"hexo","hostname":"ubuntu","pid":7094,"level":20,"msg":"Processed: \u001b[35msource/images/cc-by-nc-nd.svg\u001b[39m","time":"2016-01-24T04:41:23.405Z","v":0}
{"name":"hexo","hostname":"ubuntu","pid":7094,"level":20,"msg":"Processed: \u001b[35msource/css/main.styl\u001b[39m","time":"2016-01-24T04:41:23.410Z","v":0}
{"name":"hexo","hostname":"ubuntu","pid":7094,"level":20,"msg":"Processed: \u001b[35mlayout/tag.swig\u001b[39m","time":"2016-01-24T04:41:23.420Z","v":0}
{"name":"hexo","hostname":"ubuntu","pid":7094,"level":20,"msg":"Processed: \u001b[35mlayout/post.swig\u001b[39m","time":"2016-01-24T04:41:23.425Z","v":0}
{"name":"hexo","hostname":"ubuntu","pid":7094,"level":20,"msg":"Processed: \u001b[35mlayout/page.swig\u001b[39m","time":"2016-01-24T04:41:23.437Z","v":0}
{"name":"hexo","hostname":"ubuntu","pid":7094,"level":20,"msg":"Processed: \u001b[35mlayout/index.swig\u001b[39m","time":"2016-01-24T04:41:23.439Z","v":0}
{"name":"hexo","hostname":"ubuntu","pid":7094,"level":20,"msg":"Processed: \u001b[35mlayout/category.swig\u001b[39m","time":"2016-01-24T04:41:23.440Z","v":0}
{"name":"hexo","hostname":"ubuntu","pid":7094,"level":20,"msg":"Processed: \u001b[35mlayout/archive.swig\u001b[39m","time":"2016-01-24T04:41:23.441Z","v":0}
{"name":"hexo","hostname":"ubuntu","pid":7094,"level":20,"msg":"Processed: \u001b[35mlayout/_scripts/vendors.swig\u001b[39m","time":"2016-01-24T04:41:23.448Z","v":0}
{"name":"hexo","hostname":"ubuntu","pid":7094,"level":20,"msg":"Processed: \u001b[35mlayout/_scripts/third-party/tinysou.swig\u001b[39m","time":"2016-01-24T04:41:23.449Z","v":0}
{"name":"hexo","hostname":"ubuntu","pid":7094,"level":20,"msg":"Processed: \u001b[35mlayout/_scripts/third-party/mathjax.swig\u001b[39m","time":"2016-01-24T04:41:23.451Z","v":0}
{"name":"hexo","hostname":"ubuntu","pid":7094,"level":20,"msg":"Processed: \u001b[35mlayout/_scripts/third-party/lean-analytics.swig\u001b[39m","time":"2016-01-24T04:41:23.452Z","v":0}
{"name":"hexo","hostname":"ubuntu","pid":7094,"level":20,"msg":"Processed: \u001b[35mlayout/_scripts/third-party/comments.swig\u001b[39m","time":"2016-01-24T04:41:23.453Z","v":0}
{"name":"hexo","hostname":"ubuntu","pid":7094,"level":20,"msg":"Processed: \u001b[35mlayout/_scripts/third-party/comments/duoshuo.swig\u001b[39m","time":"2016-01-24T04:41:23.454Z","v":0}
{"name":"hexo","hostname":"ubuntu","pid":7094,"level":20,"msg":"Processed: \u001b[35mlayout/_scripts/third-party/comments/disqus.swig\u001b[39m","time":"2016-01-24T04:41:23.458Z","v":0}
{"name":"hexo","hostname":"ubuntu","pid":7094,"level":20,"msg":"Processed: \u001b[35mlayout/_scripts/third-party/baidushare.swig\u001b[39m","time":"2016-01-24T04:41:23.461Z","v":0}
{"name":"hexo","hostname":"ubuntu","pid":7094,"level":20,"msg":"Processed: \u001b[35mlayout/_scripts/third-party/analytics.swig\u001b[39m","time":"2016-01-24T04:41:23.466Z","v":0}
{"name":"hexo","hostname":"ubuntu","pid":7094,"level":20,"msg":"Processed: \u001b[35mlayout/_scripts/third-party/analytics/tencent-analytics.swig\u001b[39m","time":"2016-01-24T04:41:23.468Z","v":0}
{"name":"hexo","hostname":"ubuntu","pid":7094,"level":20,"msg":"Processed: \u001b[35mlayout/_scripts/third-party/analytics/google-analytics.swig\u001b[39m","time":"2016-01-24T04:41:23.469Z","v":0}
{"name":"hexo","hostname":"ubuntu","pid":7094,"level":20,"msg":"Processed: \u001b[35mlayout/_scripts/third-party/analytics/facebook-sdk.swig\u001b[39m","time":"2016-01-24T04:41:23.470Z","v":0}
{"name":"hexo","hostname":"ubuntu","pid":7094,"level":20,"msg":"Processed: \u001b[35mlayout/_scripts/third-party/analytics/baidu-analytics.swig\u001b[39m","time":"2016-01-24T04:41:23.471Z","v":0}
{"name":"hexo","hostname":"ubuntu","pid":7094,"level":20,"msg":"Processed: \u001b[35mlayout/_scripts/schemes/pisces.swig\u001b[39m","time":"2016-01-24T04:41:23.471Z","v":0}
{"name":"hexo","hostname":"ubuntu","pid":7094,"level":20,"msg":"Processed: \u001b[35mlayout/_scripts/pages/post-details.swig\u001b[39m","time":"2016-01-24T04:41:23.473Z","v":0}
{"name":"hexo","hostname":"ubuntu","pid":7094,"level":20,"msg":"Processed: \u001b[35mlayout/_scripts/commons.swig\u001b[39m","time":"2016-01-24T04:41:23.474Z","v":0}
{"name":"hexo","hostname":"ubuntu","pid":7094,"level":20,"msg":"Processed: \u001b[35mlayout/_scripts/boostrap.swig\u001b[39m","time":"2016-01-24T04:41:23.474Z","v":0}
{"name":"hexo","hostname":"ubuntu","pid":7094,"level":20,"msg":"Processed: \u001b[35mlayout/_partials/share/jiathis.swig\u001b[39m","time":"2016-01-24T04:41:23.475Z","v":0}
{"name":"hexo","hostname":"ubuntu","pid":7094,"level":20,"msg":"Processed: \u001b[35mlayout/_partials/share/duoshuo_share.swig\u001b[39m","time":"2016-01-24T04:41:23.476Z","v":0}
{"name":"hexo","hostname":"ubuntu","pid":7094,"level":20,"msg":"Processed: \u001b[35mlayout/_partials/search.swig\u001b[39m","time":"2016-01-24T04:41:23.477Z","v":0}
{"name":"hexo","hostname":"ubuntu","pid":7094,"level":20,"msg":"Processed: \u001b[35mlayout/_partials/search/tinysou.swig\u001b[39m","time":"2016-01-24T04:41:23.477Z","v":0}
{"name":"hexo","hostname":"ubuntu","pid":7094,"level":20,"msg":"Processed: \u001b[35mlayout/_partials/search/swiftype.swig\u001b[39m","time":"2016-01-24T04:41:23.478Z","v":0}
{"name":"hexo","hostname":"ubuntu","pid":7094,"level":20,"msg":"Processed: \u001b[35mlayout/_partials/pagination.swig\u001b[39m","time":"2016-01-24T04:41:23.481Z","v":0}
{"name":"hexo","hostname":"ubuntu","pid":7094,"level":20,"msg":"Processed: \u001b[35mlayout/_partials/header.swig\u001b[39m","time":"2016-01-24T04:41:23.483Z","v":0}
{"name":"hexo","hostname":"ubuntu","pid":7094,"level":20,"msg":"Processed: \u001b[35mlayout/_partials/footer.swig\u001b[39m","time":"2016-01-24T04:41:23.484Z","v":0}
{"name":"hexo","hostname":"ubuntu","pid":7094,"level":20,"msg":"Processed: \u001b[35mlayout/_partials/head.swig\u001b[39m","time":"2016-01-24T04:41:23.485Z","v":0}
{"name":"hexo","hostname":"ubuntu","pid":7094,"level":20,"msg":"Processed: \u001b[35mlayout/_partials/duoshuo-hot-articles.swig\u001b[39m","time":"2016-01-24T04:41:23.485Z","v":0}
{"name":"hexo","hostname":"ubuntu","pid":7094,"level":20,"msg":"Processed: \u001b[35mlayout/_partials/comments.swig\u001b[39m","time":"2016-01-24T04:41:23.487Z","v":0}
{"name":"hexo","hostname":"ubuntu","pid":7094,"level":20,"msg":"Processed: \u001b[35mlayout/_macro/sidebar.swig\u001b[39m","time":"2016-01-24T04:41:23.489Z","v":0}
{"name":"hexo","hostname":"ubuntu","pid":7094,"level":20,"msg":"Processed: \u001b[35mlayout/_macro/post.swig\u001b[39m","time":"2016-01-24T04:41:23.491Z","v":0}
{"name":"hexo","hostname":"ubuntu","pid":7094,"level":20,"msg":"Processed: \u001b[35mlayout/_macro/post-collapse.swig\u001b[39m","time":"2016-01-24T04:41:23.493Z","v":0}
{"name":"hexo","hostname":"ubuntu","pid":7094,"level":20,"msg":"Processed: \u001b[35mlayout/_layout.swig\u001b[39m","time":"2016-01-24T04:41:23.494Z","v":0}
{"name":"hexo","hostname":"ubuntu","pid":7094,"level":20,"msg":"Processed: \u001b[35mlanguages/zh-tw.yml\u001b[39m","time":"2016-01-24T04:41:23.500Z","v":0}
{"name":"hexo","hostname":"ubuntu","pid":7094,"level":20,"msg":"Processed: \u001b[35mlanguages/zh-hk.yml\u001b[39m","time":"2016-01-24T04:41:23.504Z","v":0}
{"name":"hexo","hostname":"ubuntu","pid":7094,"level":20,"msg":"Processed: \u001b[35mlanguages/zh-Hans.yml\u001b[39m","time":"2016-01-24T04:41:23.510Z","v":0}
{"name":"hexo","hostname":"ubuntu","pid":7094,"level":20,"msg":"Processed: \u001b[35mlanguages/ru.yml\u001b[39m","time":"2016-01-24T04:41:23.515Z","v":0}
{"name":"hexo","hostname":"ubuntu","pid":7094,"level":20,"msg":"Processed: \u001b[35mlanguages/pt.yml\u001b[39m","time":"2016-01-24T04:41:23.518Z","v":0}
{"name":"hexo","hostname":"ubuntu","pid":7094,"level":20,"msg":"Processed: \u001b[35mlanguages/fr-FR.yml\u001b[39m","time":"2016-01-24T04:41:23.522Z","v":0}
{"name":"hexo","hostname":"ubuntu","pid":7094,"level":20,"msg":"Processed: \u001b[35mlanguages/en.yml\u001b[39m","time":"2016-01-24T04:41:23.526Z","v":0}
{"name":"hexo","hostname":"ubuntu","pid":7094,"level":20,"msg":"Processed: \u001b[35mlanguages/default.yml\u001b[39m","time":"2016-01-24T04:41:23.528Z","v":0}
{"name":"hexo","hostname":"ubuntu","pid":7094,"level":20,"msg":"Processed: \u001b[35mlanguages/de.yml\u001b[39m","time":"2016-01-24T04:41:23.529Z","v":0}
{"name":"hexo","hostname":"ubuntu","pid":7094,"level":20,"msg":"Theme config loaded.","time":"2016-01-24T04:41:23.534Z","v":0}
{"name":"hexo","hostname":"ubuntu","pid":7094,"level":20,"msg":"Processed: \u001b[35m_config.yml\u001b[39m","time":"2016-01-24T04:41:23.534Z","v":0}
{"name":"hexo","hostname":"ubuntu","pid":7094,"level":20,"msg":"Processed: \u001b[35mlayout/_scripts/schemes/muse.swig\u001b[39m","time":"2016-01-24T04:41:23.535Z","v":0}
{"name":"hexo","hostname":"ubuntu","pid":7094,"level":20,"msg":"Generator: \u001b[35mpage\u001b[39m","time":"2016-01-24T04:41:23.994Z","v":0}
{"name":"hexo","hostname":"ubuntu","pid":7094,"level":20,"msg":"Generator: \u001b[35mpost\u001b[39m","time":"2016-01-24T04:41:23.995Z","v":0}
{"name":"hexo","hostname":"ubuntu","pid":7094,"level":20,"msg":"Generator: \u001b[35mcategory\u001b[39m","time":"2016-01-24T04:41:23.995Z","v":0}
{"name":"hexo","hostname":"ubuntu","pid":7094,"level":20,"msg":"Generator: \u001b[35marchive\u001b[39m","time":"2016-01-24T04:41:23.995Z","v":0}
{"name":"hexo","hostname":"ubuntu","pid":7094,"level":20,"msg":"Generator: \u001b[35mindex\u001b[39m","time":"2016-01-24T04:41:23.995Z","v":0}
{"name":"hexo","hostname":"ubuntu","pid":7094,"level":20,"msg":"Generator: \u001b[35mtag\u001b[39m","time":"2016-01-24T04:41:23.995Z","v":0}
{"name":"hexo","hostname":"ubuntu","pid":7094,"level":20,"msg":"Generator: \u001b[35masset\u001b[39m","time":"2016-01-24T04:41:24.006Z","v":0}
{"name":"hexo","hostname":"ubuntu","pid":7094,"level":30,"msg":"Hexo is running at \u001b[4mhttp://0.0.0.0:4000/\u001b[24m. Press Ctrl+C to stop.","time":"2016-01-24T04:41:24.021Z","v":0}
{"name":"hexo","hostname":"ubuntu","pid":7094,"level":20,"msg":"Database saved","time":"2016-01-24T04:41:24.046Z","v":0}
{"name":"hexo","hostname":"ubuntu","pid":7094,"level":20,"msg":"Rendering page: \u001b[35mtags/index.html\u001b[39m","time":"2016-01-24T04:41:30.819Z","v":0}
{"name":"hexo","hostname":"ubuntu","pid":7094,"level":20,"msg":"Rendering index: \u001b[35mindex.html\u001b[39m","time":"2016-01-24T04:41:36.679Z","v":0}
{"name":"hexo","hostname":"ubuntu","pid":7094,"level":30,"msg":"Have a nice day","time":"2016-01-24T04:41:42.493Z","v":0}
{"name":"hexo","hostname":"ubuntu","pid":7094,"level":20,"msg":"Database saved","time":"2016-01-24T04:41:42.543Z","v":0}
